UnityDataExtraction/Library/Bee/Android/Prj/IL2CPP/Gradle/launcher/build/intermediates/manifest_merge_blame_file/release/manifest-merger-blame-release-report.txt
1<?xml version="1.0" encoding="utf-8"?>
2<manifest xmlns:android="http://schemas.android.com/apk/res/android"
3    package="com.BachelorProject.DataExtraction"
4    android:installLocation="auto"
5    android:versionCode="1"
6    android:versionName="0.1" >
7
8    <uses-sdk
9        android:minSdkVersion="29"
9-->src\main\AndroidManifest.xml
10        android:targetSdkVersion="29" />
10-->src\main\AndroidManifest.xml
11
12    <supports-screens
12-->src\main\AndroidManifest.xml:3:3-163
13        android:anyDensity="true"
13-->src\main\AndroidManifest.xml:3:135-160
14        android:largeScreens="true"
14-->src\main\AndroidManifest.xml:3:78-105
15        android:normalScreens="true"
15-->src\main\AndroidManifest.xml:3:49-77
16        android:smallScreens="true"
16-->src\main\AndroidManifest.xml:3:21-48
17        android:xlargeScreens="true" />
17-->src\main\AndroidManifest.xml:3:106-134
18
19    <uses-feature
19-->[:unityLibrary] AndroidManifest.xml:12:5-15:31
20        android:name="android.hardware.vr.headtracking"
20-->[:unityLibrary] AndroidManifest.xml:13:9-56
21        android:required="true"
21-->[:unityLibrary] AndroidManifest.xml:14:9-32
22        android:version="1" />
22-->[:unityLibrary] AndroidManifest.xml:15:9-28
23    <uses-feature android:glEsVersion="0x00030000" />
23-->[:unityLibrary] AndroidManifest.xml:16:5-54
23-->[:unityLibrary] AndroidManifest.xml:16:19-51
24
25    <supports-gl-texture android:name="GL_KHR_texture_compression_astc_ldr" />
25-->[:unityLibrary] AndroidManifest.xml:18:5-79
25-->[:unityLibrary] AndroidManifest.xml:18:26-76
26
27    <uses-permission android:name="android.permission.INTERNET" />
27-->[:unityLibrary] AndroidManifest.xml:20:5-67
27-->[:unityLibrary] AndroidManifest.xml:20:22-64
28    <uses-permission android:name="android.permission.ACCESS_NETWORK_STATE" />
28-->[:unityLibrary] AndroidManifest.xml:21:5-79
28-->[:unityLibrary] AndroidManifest.xml:21:22-76
29    <uses-permission android:name="android.permission.RECORD_AUDIO" />
29-->[:unityLibrary] AndroidManifest.xml:22:5-71
29-->[:unityLibrary] AndroidManifest.xml:22:22-68
30    <uses-permission android:name="android.permission.MODIFY_AUDIO_SETTINGS" />
30-->[:unityLibrary] AndroidManifest.xml:23:5-80
30-->[:unityLibrary] AndroidManifest.xml:23:22-77
31
32    <uses-feature
32-->[:unityLibrary] AndroidManifest.xml:25:5-27:36
33        android:name="android.hardware.microphone"
33-->[:unityLibrary] AndroidManifest.xml:26:9-51
34        android:required="false" />
34-->[:unityLibrary] AndroidManifest.xml:27:9-33
35
36    <uses-permission android:name="android.permission.WRITE_EXTERNAL_STORAGE" />
36-->[:unityLibrary] AndroidManifest.xml:29:5-81
36-->[:unityLibrary] AndroidManifest.xml:29:22-78
37
38    <uses-feature
38-->[:unityLibrary] AndroidManifest.xml:31:5-33:36
39        android:name="android.hardware.touchscreen"
39-->[:unityLibrary] AndroidManifest.xml:32:9-52
40        android:required="false" />
40-->[:unityLibrary] AndroidManifest.xml:33:9-33
41    <uses-feature
41-->[:unityLibrary] AndroidManifest.xml:34:5-36:36
42        android:name="android.hardware.touchscreen.multitouch"
42-->[:unityLibrary] AndroidManifest.xml:35:9-63
43        android:required="false" />
43-->[:unityLibrary] AndroidManifest.xml:36:9-33
44    <uses-feature
44-->[:unityLibrary] AndroidManifest.xml:37:5-39:36
45        android:name="android.hardware.touchscreen.multitouch.distinct"
45-->[:unityLibrary] AndroidManifest.xml:38:9-72
46        android:required="false" />
46-->[:unityLibrary] AndroidManifest.xml:39:9-33
47    <uses-feature
47-->[:unityLibrary] AndroidManifest.xml:40:5-42:35
48        android:name="oculus.software.handtracking"
48-->[:unityLibrary] AndroidManifest.xml:41:9-52
49        android:required="true" />
49-->[:unityLibrary] AndroidManifest.xml:42:9-32
50
51    <uses-permission android:name="com.oculus.permission.HAND_TRACKING" />
51-->[:unityLibrary] AndroidManifest.xml:44:5-75
51-->[:unityLibrary] AndroidManifest.xml:44:22-72
52
53    <application
53-->src\main\AndroidManifest.xml:4:3-83
54        android:allowBackup="false"
54-->[:unityLibrary] AndroidManifest.xml:47:9-36
55        android:extractNativeLibs="true"
55-->[:unityLibrary] AndroidManifest.xml:48:9-41
56        android:icon="@mipmap/app_icon"
56-->src\main\AndroidManifest.xml:4:49-80
57        android:label="@string/app_name"
57-->src\main\AndroidManifest.xml:4:16-48
58        android:networkSecurityConfig="@xml/network_sec_config" >
58-->[:unityLibrary] AndroidManifest.xml:51:9-64
59        <activity
59-->[:unityLibrary] AndroidManifest.xml:52:9-74:20
60            android:name="com.unity3d.player.UnityPlayerActivity"
60-->[:unityLibrary] AndroidManifest.xml:53:13-66
61            android:configChanges="keyboard|keyboardHidden|navigation|orientation|screenLayout|screenSize|uiMode|density"
61-->[:unityLibrary] AndroidManifest.xml:54:13-122
62            android:excludeFromRecents="true"
62-->[:unityLibrary] AndroidManifest.xml:55:13-46
63            android:hardwareAccelerated="false"
63-->[:unityLibrary] AndroidManifest.xml:56:13-48
64            android:launchMode="singleTask"
64-->[:unityLibrary] AndroidManifest.xml:57:13-44
65            android:resizeableActivity="false"
65-->[:unityLibrary] AndroidManifest.xml:58:13-47
66            android:screenOrientation="landscape"
66-->[:unityLibrary] AndroidManifest.xml:59:13-50
67            android:theme="@android:style/Theme.Black.NoTitleBar.Fullscreen" >
67-->[:unityLibrary] AndroidManifest.xml:60:13-77
68            <intent-filter>
68-->[:unityLibrary] AndroidManifest.xml:61:13-66:29
69                <action android:name="android.intent.action.MAIN" />
69-->[:unityLibrary] AndroidManifest.xml:62:17-69
69-->[:unityLibrary] AndroidManifest.xml:62:25-66
70
71                <category android:name="android.intent.category.LAUNCHER" />
71-->[:unityLibrary] AndroidManifest.xml:64:17-77
71-->[:unityLibrary] AndroidManifest.xml:64:27-74
72                <category android:name="com.oculus.intent.category.VR" />
72-->[:unityLibrary] AndroidManifest.xml:65:17-74
72-->[:unityLibrary] AndroidManifest.xml:65:27-71
73            </intent-filter>
74
75            <meta-data
75-->[:unityLibrary] AndroidManifest.xml:68:13-70:40
76                android:name="android.notch_support"
76-->[:unityLibrary] AndroidManifest.xml:69:17-53
77                android:value="true" />
77-->[:unityLibrary] AndroidManifest.xml:70:17-37
78            <meta-data
78-->[:unityLibrary] AndroidManifest.xml:71:13-73:40
79                android:name="com.oculus.vr.focusaware"
79-->[:unityLibrary] AndroidManifest.xml:72:17-56
80                android:value="true" />
80-->[:unityLibrary] AndroidManifest.xml:73:17-37
81        </activity>
82
83        <meta-data
83-->[:unityLibrary] AndroidManifest.xml:76:9-78:37
84            android:name="unityplayer.SkipPermissionsDialog"
84-->[:unityLibrary] AndroidManifest.xml:77:13-61
85            android:value="false" />
85-->[:unityLibrary] AndroidManifest.xml:78:13-34
86        <meta-data
86-->[:unityLibrary] AndroidManifest.xml:79:9-81:39
87            android:name="com.samsung.android.vr.application.mode"
87-->[:unityLibrary] AndroidManifest.xml:80:13-67
88            android:value="vr_only" />
88-->[:unityLibrary] AndroidManifest.xml:81:13-36
89        <meta-data
89-->[:unityLibrary] AndroidManifest.xml:82:9-84:33
90            android:name="unity.splash-mode"
90-->[:unityLibrary] AndroidManifest.xml:83:13-45
91            android:value="0" />
91-->[:unityLibrary] AndroidManifest.xml:84:13-30
92        <meta-data
92-->[:unityLibrary] AndroidManifest.xml:85:9-87:36
93            android:name="unity.splash-enable"
93-->[:unityLibrary] AndroidManifest.xml:86:13-47
94            android:value="True" />
94-->[:unityLibrary] AndroidManifest.xml:87:13-33
95        <meta-data
95-->[:unityLibrary] AndroidManifest.xml:88:9-90:36
96            android:name="unity.launch-fullscreen"
96-->[:unityLibrary] AndroidManifest.xml:89:13-51
97            android:value="True" />
97-->[:unityLibrary] AndroidManifest.xml:90:13-33
98        <meta-data
98-->[:unityLibrary] AndroidManifest.xml:91:9-93:37
99            android:name="unity.allow-resizable-window"
99-->[:unityLibrary] AndroidManifest.xml:92:13-56
100            android:value="False" />
100-->[:unityLibrary] AndroidManifest.xml:93:13-34
101        <meta-data
101-->[:unityLibrary] AndroidManifest.xml:94:9-96:50
102            android:name="notch.config"
102-->[:unityLibrary] AndroidManifest.xml:95:13-40
103            android:value="portrait|landscape" />
103-->[:unityLibrary] AndroidManifest.xml:96:13-47
104        <meta-data
104-->[:unityLibrary] AndroidManifest.xml:97:9-99:36
105            android:name="unity.auto-report-fully-drawn"
105-->[:unityLibrary] AndroidManifest.xml:98:13-57
106            android:value="true" />
106-->[:unityLibrary] AndroidManifest.xml:99:13-33
107        <meta-data
107-->[:unityLibrary] AndroidManifest.xml:100:9-102:35
108            android:name="com.oculus.handtracking.frequency"
108-->[:unityLibrary] AndroidManifest.xml:101:13-61
109            android:value="MAX" />
109-->[:unityLibrary] AndroidManifest.xml:102:13-32
110        <meta-data
110-->[:unityLibrary] AndroidManifest.xml:103:9-105:37
111            android:name="com.unity.xr.oculus.LowOverheadMode"
111-->[:unityLibrary] AndroidManifest.xml:104:13-63
112            android:value="false" />
112-->[:unityLibrary] AndroidManifest.xml:105:13-34
113        <meta-data
113-->[:unityLibrary] AndroidManifest.xml:106:9-108:37
114            android:name="com.unity.xr.oculus.LateLatching"
114-->[:unityLibrary] AndroidManifest.xml:107:13-60
115            android:value="false" />
115-->[:unityLibrary] AndroidManifest.xml:108:13-34
116        <meta-data
116-->[:unityLibrary] AndroidManifest.xml:109:9-111:37
117            android:name="com.unity.xr.oculus.LateLatchingDebug"
117-->[:unityLibrary] AndroidManifest.xml:110:13-65
118            android:value="false" />
118-->[:unityLibrary] AndroidManifest.xml:111:13-34
119        <meta-data
119-->[:unityLibrary] AndroidManifest.xml:112:9-114:44
120            android:name="com.oculus.supportedDevices"
120-->[:unityLibrary] AndroidManifest.xml:113:13-55
121            android:value="quest|quest2" />
121-->[:unityLibrary] AndroidManifest.xml:114:13-41
122    </application>
123
124</manifest>